Using pre-set license
Built from '2021.1/staging' branch; Version is '2021.1.5f1 (3737af19df53) revision 3618735'; Using compiler version '192528614'; Build Type 'Release'
OS: 'Windows 10 Home; OS build 19042.985; Version 2009; 64bit' Language: 'en' Physical Memory: 16323 MB
BatchMode: 1, IsHumanControllingUs: 0, StartBugReporterOnCrash: 0, Is64bit: 1, IsPro: 0

 COMMAND LINE ARGUMENTS:
C:\Program Files\Unity\Hub\Editor\2021.1.5f1\Editor\Unity.exe
-adb2
-batchMode
-noUpm
-name
AssetImportWorker0
-projectPath
C:/Users/Matthew/Documents/Dev/Dont-Panic
-logFile
Logs/AssetImportWorker0.log
-srvPort
58678
Successfully changed project path to: C:/Users/Matthew/Documents/Dev/Dont-Panic
C:/Users/Matthew/Documents/Dev/Dont-Panic
Using Asset Import Pipeline V2.
Refreshing native plugins compatible for Editor in 71.03 ms, found 0 plugins.
Preloading 0 native plugins for Editor in 0.00 ms.
Initialize engine version: 2021.1.5f1 (3737af19df53)
[Subsystems] Discovering subsystems at path C:/Program Files/Unity/Hub/Editor/2021.1.5f1/Editor/Data/Resources/UnitySubsystems
[Subsystems] Discovering subsystems at path C:/Users/Matthew/Documents/Dev/Dont-Panic/Assets
GfxDevice: creating device client; threaded=0; jobified=0
Direct3D:
    Version:  Direct3D 11.0 [level 11.1]
    Renderer: NVIDIA GeForce GTX 1080 (ID=0x1b80)
    Vendor:   NVIDIA
    VRAM:     8079 MB
    Driver:   27.21.14.6611
Shader 'Universal Render Pipeline/Particles/Lit': fallback shader 'Universal Render Pipeline/Particles/SimpleLit' not found
Initialize mono
Mono path[0] = 'C:/Program Files/Unity/Hub/Editor/2021.1.5f1/Editor/Data/Managed'
Mono path[1] = 'C:/Program Files/Unity/Hub/Editor/2021.1.5f1/Editor/Data/MonoBleedingEdge/lib/mono/unityjit'
Mono config path = 'C:/Program Files/Unity/Hub/Editor/2021.1.5f1/Editor/Data/MonoBleedingEdge/etc'
Using monoOptions --debugger-agent=transport=dt_socket,embedding=1,server=y,suspend=n,address=127.0.0.1:56512
Begin MonoManager ReloadAssembly
Registering precompiled unity dll's ...
Register platform support module: C:/Program Files/Unity/Hub/Editor/2021.1.5f1/Editor/Data/PlaybackEngines/WebGLSupport/UnityEditor.WebGL.Extensions.dll
Register platform support module: C:/Program Files/Unity/Hub/Editor/2021.1.5f1/Editor/Data/PlaybackEngines/WindowsStandaloneSupport/UnityEditor.WindowsStandalone.Extensions.dll
Registered in 0.002660 seconds.
Native extension for WindowsStandalone target not found
Native extension for WebGL target not found
Refreshing native plugins compatible for Editor in 61.86 ms, found 0 plugins.
Preloading 0 native plugins for Editor in 0.00 ms.
Mono: successfully reloaded assembly
- Completed reload, in  1.435 seconds
Platform modules already initialized, skipping
Registering precompiled user dll's ...
Registered in 0.002602 seconds.
Begin MonoManager ReloadAssembly
Native extension for WindowsStandalone target not found
Native extension for WebGL target not found
Refreshing native plugins compatible for Editor in 62.42 ms, found 0 plugins.
Preloading 0 native plugins for Editor in 0.00 ms.
Mono: successfully reloaded assembly
- Completed reload, in  1.136 seconds
Platform modules already initialized, skipping
========================================================================
Worker process is ready to serve import requests
Shader 'Universal Render Pipeline/Particles/Lit': fallback shader 'Universal Render Pipeline/Particles/SimpleLit' not found
Launched and connected shader compiler UnityShaderCompiler.exe after 0.06 seconds
Refreshing native plugins compatible for Editor in 0.64 ms, found 0 plugins.
Preloading 0 native plugins for Editor in 0.00 ms.
Unloading 3228 Unused Serialized files (Serialized files now loaded: 0)
System memory in use before: 140.2 MB.
System memory in use after: 140.4 MB.

Unloading 50 unused Assets to reduce memory usage. Loaded Objects now: 3660.
Total: 5.120400 ms (FindLiveObjects: 0.233300 ms CreateObjectMapping: 0.156500 ms MarkObjects: 4.663700 ms  DeleteObjects: 0.065700 ms)

========================================================================
Received Import Request.
  path: Assets/Resources/Scripts/EnemyWaveController.cs
  artifactKey: Guid(d14ec0d58deb9544590534eab7df51e9) Importer(815301076,1909f56bfc062723c751e8b465ee728b)
Start importing Assets/Resources/Scripts/EnemyWaveController.cs using Guid(d14ec0d58deb9544590534eab7df51e9) Importer(815301076,1909f56bfc062723c751e8b465ee728b)  -> (artifact id: 'c3607beae112022f4d15b171acd9347e') in 0.030844 seconds 
========================================================================
Received Import Request.
  Time since last request: 5.049016 seconds.
  path: Assets/Resources/Scripts/EnemyWaveScriptableObject.cs
  artifactKey: Guid(c453c5f787e3e45469b377231b9506e3) Importer(815301076,1909f56bfc062723c751e8b465ee728b)
Start importing Assets/Resources/Scripts/EnemyWaveScriptableObject.cs using Guid(c453c5f787e3e45469b377231b9506e3) Importer(815301076,1909f56bfc062723c751e8b465ee728b)  -> (artifact id: '1ccf34c12a7c56afcacfe13bc22949ba') in 0.005554 seconds 
========================================================================
Received Prepare
Shader 'Universal Render Pipeline/Particles/Lit': fallback shader 'Universal Render Pipeline/Particles/SimpleLit' not found
Refreshing native plugins compatible for Editor in 9.59 ms, found 0 plugins.
Preloading 0 native plugins for Editor in 0.00 ms.
Unloading 38 Unused Serialized files (Serialized files now loaded: 0)
System memory in use before: 71.4 MB.
System memory in use after: 71.6 MB.

Unloading 38 unused Assets to reduce memory usage. Loaded Objects now: 3660.
Total: 5.199900 ms (FindLiveObjects: 0.208100 ms CreateObjectMapping: 0.132400 ms MarkObjects: 4.839900 ms  DeleteObjects: 0.018700 ms)

========================================================================
Received Import Request.
  Time since last request: 57.303026 seconds.
  path: Assets/Resources/Scripts/Enemy.cs
  artifactKey: Guid(9f5f10aff5c124e46a3e7185cadfed81) Importer(815301076,1909f56bfc062723c751e8b465ee728b)
Start importing Assets/Resources/Scripts/Enemy.cs using Guid(9f5f10aff5c124e46a3e7185cadfed81) Importer(815301076,1909f56bfc062723c751e8b465ee728b)  -> (artifact id: '2dc3a3889b5c5d28ee94259cadee34b4') in 0.007274 seconds 
========================================================================
Received Prepare
Registering precompiled user dll's ...
Registered in 0.002436 seconds.
Begin MonoManager ReloadAssembly
Native extension for WindowsStandalone target not found
Native extension for WebGL target not found
Refreshing native plugins compatible for Editor in 0.68 ms, found 0 plugins.
Preloading 0 native plugins for Editor in 0.00 ms.
Mono: successfully reloaded assembly
- Completed reload, in  1.073 seconds
Platform modules already initialized, skipping
Shader 'Universal Render Pipeline/Particles/Lit': fallback shader 'Universal Render Pipeline/Particles/SimpleLit' not found
Refreshing native plugins compatible for Editor in 0.70 ms, found 0 plugins.
Preloading 0 native plugins for Editor in 0.00 ms.
Unloading 3151 Unused Serialized files (Serialized files now loaded: 0)
System memory in use before: 133.3 MB.
System memory in use after: 133.6 MB.

Unloading 40 unused Assets to reduce memory usage. Loaded Objects now: 3664.
Total: 5.107200 ms (FindLiveObjects: 0.202800 ms CreateObjectMapping: 0.128800 ms MarkObjects: 4.755200 ms  DeleteObjects: 0.019400 ms)

========================================================================
Received Import Request.
  Time since last request: 18.964591 seconds.
  path: Assets/Resources/Prefabs/Stationary Enemy.prefab
  artifactKey: Guid(6df3b419065cd0141875e6e917946c0a) Importer(815301076,1909f56bfc062723c751e8b465ee728b)
Start importing Assets/Resources/Prefabs/Stationary Enemy.prefab using Guid(6df3b419065cd0141875e6e917946c0a) Importer(815301076,1909f56bfc062723c751e8b465ee728b)  -> (artifact id: 'f015ed7748698d4fbea1a4b8f9d3083e') in 0.224365 seconds 
========================================================================
Received Import Request.
  Time since last request: 76.872054 seconds.
  path: ProjectSettings/TagManager.asset
  artifactKey: Guid(00000000000000003000000000000000) Importer(815301076,1909f56bfc062723c751e8b465ee728b)
Start importing ProjectSettings/TagManager.asset using Guid(00000000000000003000000000000000) Importer(815301076,1909f56bfc062723c751e8b465ee728b)  -> (artifact id: '305172f1a2895e81aa96e249c9064aa4') in 0.009439 seconds 
========================================================================
Received Import Request.
  Time since last request: 15.739000 seconds.
  path: Assets/Resources/Prefabs/PlayerBullet.prefab
  artifactKey: Guid(da04e329b4adff347afb55103ce5e2d8) Importer(815301076,1909f56bfc062723c751e8b465ee728b)
Start importing Assets/Resources/Prefabs/PlayerBullet.prefab using Guid(da04e329b4adff347afb55103ce5e2d8) Importer(815301076,1909f56bfc062723c751e8b465ee728b)  -> (artifact id: '6b7660cd17e076d4a12401b936b5bcab') in 0.015547 seconds 
========================================================================
Received Prepare
Registering precompiled user dll's ...
Registered in 0.002453 seconds.
Begin MonoManager ReloadAssembly
Native extension for WindowsStandalone target not found
Native extension for WebGL target not found
Refreshing native plugins compatible for Editor in 0.65 ms, found 0 plugins.
Preloading 0 native plugins for Editor in 0.00 ms.
Mono: successfully reloaded assembly
- Completed reload, in  1.083 seconds
Platform modules already initialized, skipping
Shader 'Universal Render Pipeline/Particles/Lit': fallback shader 'Universal Render Pipeline/Particles/SimpleLit' not found
Refreshing native plugins compatible for Editor in 0.63 ms, found 0 plugins.
Preloading 0 native plugins for Editor in 0.00 ms.
Unloading 3151 Unused Serialized files (Serialized files now loaded: 0)
System memory in use before: 139.4 MB.
System memory in use after: 139.6 MB.

Unloading 41 unused Assets to reduce memory usage. Loaded Objects now: 3713.
Total: 5.140200 ms (FindLiveObjects: 0.231300 ms CreateObjectMapping: 0.155700 ms MarkObjects: 4.732500 ms  DeleteObjects: 0.019800 ms)

========================================================================
Received Import Request.
  Time since last request: 244.199999 seconds.
  path: Assets/Resources/Prefabs/Stationary Enemy.prefab
  artifactKey: Guid(6df3b419065cd0141875e6e917946c0a) Importer(815301076,1909f56bfc062723c751e8b465ee728b)
Start importing Assets/Resources/Prefabs/Stationary Enemy.prefab using Guid(6df3b419065cd0141875e6e917946c0a) Importer(815301076,1909f56bfc062723c751e8b465ee728b)  -> (artifact id: '8b3973320651efc6c5c1b5c1d5a7661b') in 0.159513 seconds 
========================================================================
Received Prepare
Registering precompiled user dll's ...
Registered in 0.002489 seconds.
Begin MonoManager ReloadAssembly
Native extension for WindowsStandalone target not found
Native extension for WebGL target not found
Refreshing native plugins compatible for Editor in 0.67 ms, found 0 plugins.
Preloading 0 native plugins for Editor in 0.00 ms.
Mono: successfully reloaded assembly
- Completed reload, in  1.047 seconds
Platform modules already initialized, skipping
Shader 'Universal Render Pipeline/Particles/Lit': fallback shader 'Universal Render Pipeline/Particles/SimpleLit' not found
Refreshing native plugins compatible for Editor in 0.62 ms, found 0 plugins.
Preloading 0 native plugins for Editor in 0.00 ms.
Unloading 3151 Unused Serialized files (Serialized files now loaded: 0)
System memory in use before: 139.4 MB.
System memory in use after: 139.7 MB.

Unloading 40 unused Assets to reduce memory usage. Loaded Objects now: 3752.
Total: 5.264800 ms (FindLiveObjects: 0.221800 ms CreateObjectMapping: 0.143500 ms MarkObjects: 4.867700 ms  DeleteObjects: 0.030700 ms)

========================================================================
Received Import Request.
  Time since last request: 31.672313 seconds.
  path: Assets/Resources/Prefabs/Stationary Enemy.prefab
  artifactKey: Guid(6df3b419065cd0141875e6e917946c0a) Importer(815301076,1909f56bfc062723c751e8b465ee728b)
Start importing Assets/Resources/Prefabs/Stationary Enemy.prefab using Guid(6df3b419065cd0141875e6e917946c0a) Importer(815301076,1909f56bfc062723c751e8b465ee728b)  -> (artifact id: '94e2de50118a09e936d1bfa5fc2f4afd') in 0.162925 seconds 
========================================================================
Received Import Request.
  Time since last request: 6.940194 seconds.
  path: Assets/Resources/Prefabs/Stationary Enemy.prefab
  artifactKey: Guid(6df3b419065cd0141875e6e917946c0a) Importer(815301076,1909f56bfc062723c751e8b465ee728b)
Start importing Assets/Resources/Prefabs/Stationary Enemy.prefab using Guid(6df3b419065cd0141875e6e917946c0a) Importer(815301076,1909f56bfc062723c751e8b465ee728b)  -> (artifact id: 'f9abd04113d489179be2cab868851d55') in 0.014339 seconds 
========================================================================
Received Prepare
Registering precompiled user dll's ...
Registered in 0.002468 seconds.
Begin MonoManager ReloadAssembly
Native extension for WindowsStandalone target not found
Native extension for WebGL target not found
Refreshing native plugins compatible for Editor in 0.64 ms, found 0 plugins.
Preloading 0 native plugins for Editor in 0.00 ms.
Mono: successfully reloaded assembly
- Completed reload, in  1.118 seconds
Platform modules already initialized, skipping
Shader 'Universal Render Pipeline/Particles/Lit': fallback shader 'Universal Render Pipeline/Particles/SimpleLit' not found
Refreshing native plugins compatible for Editor in 0.62 ms, found 0 plugins.
Preloading 0 native plugins for Editor in 0.00 ms.
Unloading 3151 Unused Serialized files (Serialized files now loaded: 0)
System memory in use before: 139.5 MB.
System memory in use after: 139.7 MB.

Unloading 40 unused Assets to reduce memory usage. Loaded Objects now: 3791.
Total: 6.313700 ms (FindLiveObjects: 0.225000 ms CreateObjectMapping: 0.167300 ms MarkObjects: 5.897800 ms  DeleteObjects: 0.022700 ms)

========================================================================
Received Import Request.
  Time since last request: 41.614280 seconds.
  path: Assets/Resources/Prefabs/PlayerBullet.prefab
  artifactKey: Guid(da04e329b4adff347afb55103ce5e2d8) Importer(815301076,1909f56bfc062723c751e8b465ee728b)
Start importing Assets/Resources/Prefabs/PlayerBullet.prefab using Guid(da04e329b4adff347afb55103ce5e2d8) Importer(815301076,1909f56bfc062723c751e8b465ee728b)  -> (artifact id: 'e5828e69f5ca807aa19afed2482b0dfb') in 0.166190 seconds 
========================================================================
Received Import Request.
  Time since last request: 3.690566 seconds.
  path: Assets/Resources/Prefabs/PlayerBullet.prefab
  artifactKey: Guid(da04e329b4adff347afb55103ce5e2d8) Importer(815301076,1909f56bfc062723c751e8b465ee728b)
Start importing Assets/Resources/Prefabs/PlayerBullet.prefab using Guid(da04e329b4adff347afb55103ce5e2d8) Importer(815301076,1909f56bfc062723c751e8b465ee728b)  -> (artifact id: 'c571f591522b28b8b7e7652dab6a40a5') in 0.010748 seconds 
========================================================================
Received Import Request.
  Time since last request: 4.247546 seconds.
  path: Assets/Resources/Prefabs/PlayerBullet.prefab
  artifactKey: Guid(da04e329b4adff347afb55103ce5e2d8) Importer(815301076,1909f56bfc062723c751e8b465ee728b)
Start importing Assets/Resources/Prefabs/PlayerBullet.prefab using Guid(da04e329b4adff347afb55103ce5e2d8) Importer(815301076,1909f56bfc062723c751e8b465ee728b)  -> (artifact id: 'e2d45808e0084eb3457c7b2c813545b1') in 0.012526 seconds 
========================================================================
Received Import Request.
  Time since last request: 6.159971 seconds.
  path: Assets/Resources/Prefabs/PlayerBullet.prefab
  artifactKey: Guid(da04e329b4adff347afb55103ce5e2d8) Importer(815301076,1909f56bfc062723c751e8b465ee728b)
Start importing Assets/Resources/Prefabs/PlayerBullet.prefab using Guid(da04e329b4adff347afb55103ce5e2d8) Importer(815301076,1909f56bfc062723c751e8b465ee728b)  -> (artifact id: '525eeebcb82c49573fb90c827d1469bb') in 0.010391 seconds 
========================================================================
Received Import Request.
  Time since last request: 64.839167 seconds.
  path: Assets/Resources/Prefabs/PlayerBullet.prefab
  artifactKey: Guid(da04e329b4adff347afb55103ce5e2d8) Importer(815301076,1909f56bfc062723c751e8b465ee728b)
Start importing Assets/Resources/Prefabs/PlayerBullet.prefab using Guid(da04e329b4adff347afb55103ce5e2d8) Importer(815301076,1909f56bfc062723c751e8b465ee728b)  -> (artifact id: '7a5d6634d568782878259ae7143ade4b') in 0.011008 seconds 
========================================================================
Received Prepare
Registering precompiled user dll's ...
Registered in 0.002420 seconds.
Begin MonoManager ReloadAssembly
Native extension for WindowsStandalone target not found
Native extension for WebGL target not found
Refreshing native plugins compatible for Editor in 0.65 ms, found 0 plugins.
Preloading 0 native plugins for Editor in 0.00 ms.
Mono: successfully reloaded assembly
- Completed reload, in  1.042 seconds
Platform modules already initialized, skipping
Shader 'Universal Render Pipeline/Particles/Lit': fallback shader 'Universal Render Pipeline/Particles/SimpleLit' not found
Refreshing native plugins compatible for Editor in 0.62 ms, found 0 plugins.
Preloading 0 native plugins for Editor in 0.00 ms.
Unloading 3151 Unused Serialized files (Serialized files now loaded: 0)
System memory in use before: 139.5 MB.
System memory in use after: 139.8 MB.

Unloading 40 unused Assets to reduce memory usage. Loaded Objects now: 3830.
Total: 5.446600 ms (FindLiveObjects: 0.251300 ms CreateObjectMapping: 0.137500 ms MarkObjects: 5.029200 ms  DeleteObjects: 0.027700 ms)

========================================================================
Received Import Request.
  Time since last request: 13.690021 seconds.
  path: Assets/Resources/Prefabs/PlayerBullet.prefab
  artifactKey: Guid(da04e329b4adff347afb55103ce5e2d8) Importer(815301076,1909f56bfc062723c751e8b465ee728b)
Start importing Assets/Resources/Prefabs/PlayerBullet.prefab using Guid(da04e329b4adff347afb55103ce5e2d8) Importer(815301076,1909f56bfc062723c751e8b465ee728b)  -> (artifact id: '9d4f94f1378171f78f509a8be939470c') in 0.154776 seconds 
========================================================================
Received Import Request.
  Time since last request: 2.991714 seconds.
  path: Assets/Resources/Prefabs/Stationary Enemy.prefab
  artifactKey: Guid(6df3b419065cd0141875e6e917946c0a) Importer(815301076,1909f56bfc062723c751e8b465ee728b)
Start importing Assets/Resources/Prefabs/Stationary Enemy.prefab using Guid(6df3b419065cd0141875e6e917946c0a) Importer(815301076,1909f56bfc062723c751e8b465ee728b)  -> (artifact id: 'd38e6143970fe1af0c5bea75fc422ddb') in 0.012760 seconds 
========================================================================
Received Prepare
Registering precompiled user dll's ...
Registered in 0.002729 seconds.
Begin MonoManager ReloadAssembly
Native extension for WindowsStandalone target not found
Native extension for WebGL target not found
Refreshing native plugins compatible for Editor in 0.70 ms, found 0 plugins.
Preloading 0 native plugins for Editor in 0.00 ms.
Mono: successfully reloaded assembly
- Completed reload, in  1.052 seconds
Platform modules already initialized, skipping
Shader 'Universal Render Pipeline/Particles/Lit': fallback shader 'Universal Render Pipeline/Particles/SimpleLit' not found
Refreshing native plugins compatible for Editor in 0.63 ms, found 0 plugins.
Preloading 0 native plugins for Editor in 0.00 ms.
Unloading 3151 Unused Serialized files (Serialized files now loaded: 0)
System memory in use before: 139.6 MB.
System memory in use after: 139.9 MB.

Unloading 40 unused Assets to reduce memory usage. Loaded Objects now: 3869.
Total: 5.284200 ms (FindLiveObjects: 0.233500 ms CreateObjectMapping: 0.140800 ms MarkObjects: 4.886200 ms  DeleteObjects: 0.022700 ms)

========================================================================
Received Prepare
Registering precompiled user dll's ...
Registered in 0.002499 seconds.
Begin MonoManager ReloadAssembly
Native extension for WindowsStandalone target not found
Native extension for WebGL target not found
Refreshing native plugins compatible for Editor in 0.64 ms, found 0 plugins.
Preloading 0 native plugins for Editor in 0.00 ms.
Mono: successfully reloaded assembly
- Completed reload, in  1.055 seconds
Platform modules already initialized, skipping
Shader 'Universal Render Pipeline/Particles/Lit': fallback shader 'Universal Render Pipeline/Particles/SimpleLit' not found
Refreshing native plugins compatible for Editor in 0.64 ms, found 0 plugins.
Preloading 0 native plugins for Editor in 0.00 ms.
Unloading 3151 Unused Serialized files (Serialized files now loaded: 0)
System memory in use before: 139.7 MB.
System memory in use after: 139.9 MB.

Unloading 40 unused Assets to reduce memory usage. Loaded Objects now: 3872.
Total: 5.458500 ms (FindLiveObjects: 0.280900 ms CreateObjectMapping: 0.146400 ms MarkObjects: 5.007600 ms  DeleteObjects: 0.022500 ms)

========================================================================
Received Prepare
Registering precompiled user dll's ...
Registered in 0.002452 seconds.
Begin MonoManager ReloadAssembly
Native extension for WindowsStandalone target not found
Native extension for WebGL target not found
Refreshing native plugins compatible for Editor in 0.65 ms, found 0 plugins.
Preloading 0 native plugins for Editor in 0.00 ms.
Mono: successfully reloaded assembly
- Completed reload, in  1.084 seconds
Platform modules already initialized, skipping
Shader 'Universal Render Pipeline/Particles/Lit': fallback shader 'Universal Render Pipeline/Particles/SimpleLit' not found
Refreshing native plugins compatible for Editor in 0.67 ms, found 0 plugins.
Preloading 0 native plugins for Editor in 0.00 ms.
Unloading 3151 Unused Serialized files (Serialized files now loaded: 0)
System memory in use before: 139.6 MB.
System memory in use after: 139.8 MB.

Unloading 40 unused Assets to reduce memory usage. Loaded Objects now: 3875.
Total: 5.705000 ms (FindLiveObjects: 0.233800 ms CreateObjectMapping: 0.209700 ms MarkObjects: 5.234200 ms  DeleteObjects: 0.026100 ms)

========================================================================
Received Prepare
Registering precompiled user dll's ...
Registered in 0.002438 seconds.
Begin MonoManager ReloadAssembly
Native extension for WindowsStandalone target not found
Native extension for WebGL target not found
Refreshing native plugins compatible for Editor in 0.66 ms, found 0 plugins.
Preloading 0 native plugins for Editor in 0.00 ms.
Mono: successfully reloaded assembly
- Completed reload, in  1.040 seconds
Platform modules already initialized, skipping
Shader 'Universal Render Pipeline/Particles/Lit': fallback shader 'Universal Render Pipeline/Particles/SimpleLit' not found
Refreshing native plugins compatible for Editor in 0.62 ms, found 0 plugins.
Preloading 0 native plugins for Editor in 0.00 ms.
Unloading 3151 Unused Serialized files (Serialized files now loaded: 0)
System memory in use before: 139.6 MB.
System memory in use after: 139.8 MB.

Unloading 40 unused Assets to reduce memory usage. Loaded Objects now: 3878.
Total: 5.395800 ms (FindLiveObjects: 0.253600 ms CreateObjectMapping: 0.144400 ms MarkObjects: 4.975600 ms  DeleteObjects: 0.021000 ms)

========================================================================
Received Prepare
Registering precompiled user dll's ...
Registered in 0.002409 seconds.
Begin MonoManager ReloadAssembly
Native extension for WindowsStandalone target not found
Native extension for WebGL target not found
Refreshing native plugins compatible for Editor in 0.63 ms, found 0 plugins.
Preloading 0 native plugins for Editor in 0.00 ms.
Mono: successfully reloaded assembly
- Completed reload, in  1.071 seconds
Platform modules already initialized, skipping
Shader 'Universal Render Pipeline/Particles/Lit': fallback shader 'Universal Render Pipeline/Particles/SimpleLit' not found
Refreshing native plugins compatible for Editor in 0.63 ms, found 0 plugins.
Preloading 0 native plugins for Editor in 0.00 ms.
Unloading 3151 Unused Serialized files (Serialized files now loaded: 0)
System memory in use before: 139.6 MB.
System memory in use after: 139.8 MB.

Unloading 40 unused Assets to reduce memory usage. Loaded Objects now: 3881.
Total: 5.181000 ms (FindLiveObjects: 0.240800 ms CreateObjectMapping: 0.126900 ms MarkObjects: 4.792700 ms  DeleteObjects: 0.019700 ms)

========================================================================
Received Prepare
Registering precompiled user dll's ...
Registered in 0.002612 seconds.
Begin MonoManager ReloadAssembly
Native extension for WindowsStandalone target not found
Native extension for WebGL target not found
Refreshing native plugins compatible for Editor in 0.64 ms, found 0 plugins.
Preloading 0 native plugins for Editor in 0.00 ms.
Mono: successfully reloaded assembly
- Completed reload, in  1.066 seconds
Platform modules already initialized, skipping
Shader 'Universal Render Pipeline/Particles/Lit': fallback shader 'Universal Render Pipeline/Particles/SimpleLit' not found
Refreshing native plugins compatible for Editor in 0.78 ms, found 0 plugins.
Preloading 0 native plugins for Editor in 0.00 ms.
Unloading 3151 Unused Serialized files (Serialized files now loaded: 0)
System memory in use before: 139.6 MB.
System memory in use after: 139.8 MB.

Unloading 40 unused Assets to reduce memory usage. Loaded Objects now: 3884.
Total: 5.634300 ms (FindLiveObjects: 0.235000 ms CreateObjectMapping: 0.241000 ms MarkObjects: 5.138200 ms  DeleteObjects: 0.019000 ms)

========================================================================
Received Prepare
Registering precompiled user dll's ...
Registered in 0.002814 seconds.
Begin MonoManager ReloadAssembly
Native extension for WindowsStandalone target not found
Native extension for WebGL target not found
Refreshing native plugins compatible for Editor in 0.77 ms, found 0 plugins.
Preloading 0 native plugins for Editor in 0.00 ms.
Mono: successfully reloaded assembly
- Completed reload, in  1.043 seconds
Platform modules already initialized, skipping
Shader 'Universal Render Pipeline/Particles/Lit': fallback shader 'Universal Render Pipeline/Particles/SimpleLit' not found
Refreshing native plugins compatible for Editor in 0.63 ms, found 0 plugins.
Preloading 0 native plugins for Editor in 0.00 ms.
Unloading 3151 Unused Serialized files (Serialized files now loaded: 0)
System memory in use before: 139.6 MB.
System memory in use after: 139.8 MB.

Unloading 40 unused Assets to reduce memory usage. Loaded Objects now: 3887.
Total: 5.170000 ms (FindLiveObjects: 0.276200 ms CreateObjectMapping: 0.161600 ms MarkObjects: 4.710900 ms  DeleteObjects: 0.020300 ms)

========================================================================
Received Prepare
Registering precompiled user dll's ...
Registered in 0.002471 seconds.
Begin MonoManager ReloadAssembly
Native extension for WindowsStandalone target not found
Native extension for WebGL target not found
Refreshing native plugins compatible for Editor in 0.68 ms, found 0 plugins.
Preloading 0 native plugins for Editor in 0.00 ms.
Mono: successfully reloaded assembly
- Completed reload, in  1.057 seconds
Platform modules already initialized, skipping
Shader 'Universal Render Pipeline/Particles/Lit': fallback shader 'Universal Render Pipeline/Particles/SimpleLit' not found
Refreshing native plugins compatible for Editor in 0.70 ms, found 0 plugins.
Preloading 0 native plugins for Editor in 0.00 ms.
Unloading 3151 Unused Serialized files (Serialized files now loaded: 0)
System memory in use before: 139.6 MB.
System memory in use after: 139.9 MB.

Unloading 40 unused Assets to reduce memory usage. Loaded Objects now: 3890.
Total: 5.742100 ms (FindLiveObjects: 0.252800 ms CreateObjectMapping: 0.155500 ms MarkObjects: 5.310500 ms  DeleteObjects: 0.022200 ms)

========================================================================
Received Prepare
Registering precompiled user dll's ...
Registered in 0.002453 seconds.
Begin MonoManager ReloadAssembly
Native extension for WindowsStandalone target not found
Native extension for WebGL target not found
Refreshing native plugins compatible for Editor in 0.64 ms, found 0 plugins.
Preloading 0 native plugins for Editor in 0.00 ms.
Mono: successfully reloaded assembly
- Completed reload, in  1.020 seconds
Platform modules already initialized, skipping
Shader 'Universal Render Pipeline/Particles/Lit': fallback shader 'Universal Render Pipeline/Particles/SimpleLit' not found
Refreshing native plugins compatible for Editor in 0.72 ms, found 0 plugins.
Preloading 0 native plugins for Editor in 0.00 ms.
Unloading 3151 Unused Serialized files (Serialized files now loaded: 0)
System memory in use before: 139.6 MB.
System memory in use after: 139.9 MB.

Unloading 40 unused Assets to reduce memory usage. Loaded Objects now: 3893.
Total: 5.712800 ms (FindLiveObjects: 0.239200 ms CreateObjectMapping: 0.136100 ms MarkObjects: 5.310800 ms  DeleteObjects: 0.025400 ms)

========================================================================
Received Prepare
Registering precompiled user dll's ...
Registered in 0.002513 seconds.
Begin MonoManager ReloadAssembly
Native extension for WindowsStandalone target not found
Native extension for WebGL target not found
Refreshing native plugins compatible for Editor in 0.63 ms, found 0 plugins.
Preloading 0 native plugins for Editor in 0.00 ms.
Mono: successfully reloaded assembly
- Completed reload, in  1.011 seconds
Platform modules already initialized, skipping
Shader 'Universal Render Pipeline/Particles/Lit': fallback shader 'Universal Render Pipeline/Particles/SimpleLit' not found
Refreshing native plugins compatible for Editor in 0.69 ms, found 0 plugins.
Preloading 0 native plugins for Editor in 0.00 ms.
Unloading 3151 Unused Serialized files (Serialized files now loaded: 0)
System memory in use before: 139.6 MB.
System memory in use after: 139.9 MB.

Unloading 40 unused Assets to reduce memory usage. Loaded Objects now: 3896.
Total: 5.612200 ms (FindLiveObjects: 0.234800 ms CreateObjectMapping: 0.141600 ms MarkObjects: 5.212400 ms  DeleteObjects: 0.022200 ms)

========================================================================
Received Prepare
Registering precompiled user dll's ...
Registered in 0.002557 seconds.
Begin MonoManager ReloadAssembly
Native extension for WindowsStandalone target not found
Native extension for WebGL target not found
Refreshing native plugins compatible for Editor in 0.64 ms, found 0 plugins.
Preloading 0 native plugins for Editor in 0.00 ms.
Mono: successfully reloaded assembly
- Completed reload, in  1.011 seconds
Platform modules already initialized, skipping
Shader 'Universal Render Pipeline/Particles/Lit': fallback shader 'Universal Render Pipeline/Particles/SimpleLit' not found
Refreshing native plugins compatible for Editor in 0.70 ms, found 0 plugins.
Preloading 0 native plugins for Editor in 0.00 ms.
Unloading 3151 Unused Serialized files (Serialized files now loaded: 0)
System memory in use before: 139.6 MB.
System memory in use after: 139.9 MB.

Unloading 40 unused Assets to reduce memory usage. Loaded Objects now: 3899.
Total: 5.348700 ms (FindLiveObjects: 0.237000 ms CreateObjectMapping: 0.135700 ms MarkObjects: 4.949100 ms  DeleteObjects: 0.025900 ms)

========================================================================
Received Import Request.
  Time since last request: 1479.312691 seconds.
  path: Assets/Resources/Prefabs/Stationary Enemy.prefab
  artifactKey: Guid(6df3b419065cd0141875e6e917946c0a) Importer(815301076,1909f56bfc062723c751e8b465ee728b)
Start importing Assets/Resources/Prefabs/Stationary Enemy.prefab using Guid(6df3b419065cd0141875e6e917946c0a) Importer(815301076,1909f56bfc062723c751e8b465ee728b)  -> (artifact id: '8192264adf4b787d022a861233d0218b') in 0.267328 seconds 
========================================================================
Received Import Request.
  Time since last request: 3.333280 seconds.
  path: Assets/Resources/Prefabs/PlayerBullet.prefab
  artifactKey: Guid(da04e329b4adff347afb55103ce5e2d8) Importer(815301076,1909f56bfc062723c751e8b465ee728b)
Start importing Assets/Resources/Prefabs/PlayerBullet.prefab using Guid(da04e329b4adff347afb55103ce5e2d8) Importer(815301076,1909f56bfc062723c751e8b465ee728b)  -> (artifact id: '3ac3acd581e6f019c9805c173bb2dc57') in 0.011779 seconds 
========================================================================
Received Import Request.
  Time since last request: 24.370760 seconds.
  path: Assets/Resources/Prefabs/Stationary Enemy.prefab
  artifactKey: Guid(6df3b419065cd0141875e6e917946c0a) Importer(815301076,1909f56bfc062723c751e8b465ee728b)
Start importing Assets/Resources/Prefabs/Stationary Enemy.prefab using Guid(6df3b419065cd0141875e6e917946c0a) Importer(815301076,1909f56bfc062723c751e8b465ee728b)  -> (artifact id: '39871a78aa5b489a53f983c0f98cca46') in 0.012044 seconds 
========================================================================
Received Import Request.
  Time since last request: 2.161473 seconds.
  path: Assets/Resources/Prefabs/Stationary Enemy.prefab
  artifactKey: Guid(6df3b419065cd0141875e6e917946c0a) Importer(815301076,1909f56bfc062723c751e8b465ee728b)
Start importing Assets/Resources/Prefabs/Stationary Enemy.prefab using Guid(6df3b419065cd0141875e6e917946c0a) Importer(815301076,1909f56bfc062723c751e8b465ee728b)  -> (artifact id: '993638f2c49af883368774ee0da09574') in 0.011732 seconds 
========================================================================
Received Prepare
Registering precompiled user dll's ...
Registered in 0.002425 seconds.
Begin MonoManager ReloadAssembly
Native extension for WindowsStandalone target not found
Native extension for WebGL target not found
Refreshing native plugins compatible for Editor in 0.67 ms, found 0 plugins.
Preloading 0 native plugins for Editor in 0.00 ms.
Mono: successfully reloaded assembly
- Completed reload, in  1.067 seconds
Platform modules already initialized, skipping
Shader 'Universal Render Pipeline/Particles/Lit': fallback shader 'Universal Render Pipeline/Particles/SimpleLit' not found
Refreshing native plugins compatible for Editor in 0.64 ms, found 0 plugins.
Preloading 0 native plugins for Editor in 0.00 ms.
Unloading 3151 Unused Serialized files (Serialized files now loaded: 0)
System memory in use before: 139.7 MB.
System memory in use after: 140.0 MB.

Unloading 40 unused Assets to reduce memory usage. Loaded Objects now: 3938.
Total: 5.360500 ms (FindLiveObjects: 0.263000 ms CreateObjectMapping: 0.140400 ms MarkObjects: 4.932800 ms  DeleteObjects: 0.022400 ms)

========================================================================
Received Prepare
Registering precompiled user dll's ...
Registered in 0.002695 seconds.
Begin MonoManager ReloadAssembly
Native extension for WindowsStandalone target not found
Native extension for WebGL target not found
Refreshing native plugins compatible for Editor in 0.64 ms, found 0 plugins.
Preloading 0 native plugins for Editor in 0.00 ms.
Mono: successfully reloaded assembly
- Completed reload, in  1.059 seconds
Platform modules already initialized, skipping
Shader 'Universal Render Pipeline/Particles/Lit': fallback shader 'Universal Render Pipeline/Particles/SimpleLit' not found
Refreshing native plugins compatible for Editor in 0.65 ms, found 0 plugins.
Preloading 0 native plugins for Editor in 0.00 ms.
Unloading 3151 Unused Serialized files (Serialized files now loaded: 0)
System memory in use before: 139.8 MB.
System memory in use after: 140.0 MB.

Unloading 40 unused Assets to reduce memory usage. Loaded Objects now: 3941.
Total: 5.658800 ms (FindLiveObjects: 0.316200 ms CreateObjectMapping: 0.201400 ms MarkObjects: 5.116300 ms  DeleteObjects: 0.023100 ms)

